<?xml version="1.0" encoding="UTF-8"?>
<!-- Generated by org.testng.reporters.JUnitXMLReporter -->
<testsuite hostname="IN2361417W1" ignored="0" name="HomePage TestCases" tests="3" failures="0" timestamp="28 Apr 2019 02:24:51 GMT" time="59.989" errors="0">
  <testcase name="verifyTitle" time="0.365" classname="com.mmt.qa.testscripts.HomePageTest"/>
  <testcase name="verifyHomePageSearch" time="35.705" classname="com.mmt.qa.testscripts.HomePageTest">
    <skipped/>
  </testcase> <!-- verifyHomePageSearch -->
  <testcase name="verifyHomePageSearch" time="10.593" classname="com.mmt.qa.testscripts.HomePageTest"/>
</testsuite> <!-- HomePage TestCases -->
