<?xml version="1.0" encoding="UTF-8"?>
<!-- Generated by org.testng.reporters.JUnitXMLReporter -->
<testsuite hostname="IN2361417W1" ignored="0" name="SearchPage Test" tests="10" failures="0" timestamp="26 Apr 2019 22:45:49 GMT" time="48.796" errors="0">
  <testcase name="displayRoundTripFlights" time="6.389" classname="com.mmt.qa.testscripts.SearchPageTest"/>
  <testcase name="displayRoundTripFlights" time="1.255" classname="com.mmt.qa.testscripts.SearchPageTest"/>
  <testcase name="displayRoundTripFlights" time="3.011" classname="com.mmt.qa.testscripts.SearchPageTest"/>
  <testcase name="selectRandomRoundTripFlightsAndVerifyPrice" time="2.47" classname="com.mmt.qa.testscripts.SearchPageTest"/>
  <testcase name="selectRandomRoundTripFlightsAndVerifyPrice" time="1.727" classname="com.mmt.qa.testscripts.SearchPageTest">
    <skipped/>
  </testcase> <!-- selectRandomRoundTripFlightsAndVerifyPrice -->
  <testcase name="selectRandomRoundTripFlightsAndVerifyPrice" time="2.005" classname="com.mmt.qa.testscripts.SearchPageTest">
    <skipped/>
  </testcase> <!-- selectRandomRoundTripFlightsAndVerifyPrice -->
  <testcase name="selectRandomRoundTripFlightsAndVerifyPrice" time="1.905" classname="com.mmt.qa.testscripts.SearchPageTest"/>
  <testcase name="selectRandomRoundTripFlightsAndVerifyPrice" time="1.999" classname="com.mmt.qa.testscripts.SearchPageTest"/>
  <testcase name="selectRandomRoundTripFlightsAndVerifyPrice" time="1.9" classname="com.mmt.qa.testscripts.SearchPageTest">
    <skipped/>
  </testcase> <!-- selectRandomRoundTripFlightsAndVerifyPrice -->
  <testcase name="selectRandomRoundTripFlightsAndVerifyPrice" time="2.316" classname="com.mmt.qa.testscripts.SearchPageTest"/>
</testsuite> <!-- SearchPage Test -->
