<?xml version="1.0" encoding="UTF-8"?>
<testsuite xmlns:xsi="http://www.w3.org/2001/XMLSchema-instance" xsi:noNamespaceSchemaLocation="https://maven.apache.org/surefire/maven-surefire-plugin/xsd/surefire-test-report-3.0.xsd" version="3.0" name="TestSuite" time="39.395" tests="10" errors="0" skipped="0" failures="0">
  <properties>
[...]
</properties>
  <testcase name="verifyTitle" classname="com.mmt.qa.testscripts.HomePageTest" time="0.327"/>
  <testcase name="verifyHomePageSearch" classname="com.mmt.qa.testscripts.HomePageTest" time="11.142"/>
  <testcase name="verifyTitle" classname="com.mmt.qa.testscripts.SearchPageTest" time="0.06"/>
  <testcase name="displayRoundTripFlights" classname="com.mmt.qa.testscripts.SearchPageTest" time="2.974"/>
  <testcase name="displayRoundTripFlights" classname="com.mmt.qa.testscripts.SearchPageTest" time="1.271"/>
  <testcase name="displayRoundTripFlights" classname="com.mmt.qa.testscripts.SearchPageTest" time="0.903"/>
  <testcase name="selectRandomRoundTripFlightsAndVerifyPrice" classname="com.mmt.qa.testscripts.SearchPageTest" time="1.139"/>
  <testcase name="selectRandomRoundTripFlightsAndVerifyPrice" classname="com.mmt.qa.testscripts.SearchPageTest" time="0.612"/>
  <testcase name="selectRandomRoundTripFlightsAndVerifyPrice" classname="com.mmt.qa.testscripts.SearchPageTest" time="1.218"/>
  <testcase name="selectRandomRoundTripFlightsAndVerifyPrice" classname="com.mmt.qa.testscripts.SearchPageTest" time="0.685"/>
</testsuite>