<?xml version="1.0" encoding="UTF-8"?>
<testng-results skipped="0" failed="0" ignored="0" total="10" passed="10">
  <reporter-output>
  </reporter-output>
  <suite name="MMT_TestSuite" duration-ms="38411" started-at="2019-04-28T12:26:45Z" finished-at="2019-04-28T12:27:23Z">
    <groups>
    </groups>
    <test name="HomePage TestCases" duration-ms="21735" started-at="2019-04-28T12:26:45Z" finished-at="2019-04-28T12:27:07Z">
      <class name="com.mmt.qa.testscripts.HomePageTest">
        <test-method status="PASS" signature="setUp()[pri:0, instance:com.mmt.qa.testscripts.HomePageTest@55f3ddb1]" name="setUp" is-config="true" duration-ms="9344" started-at="2019-04-28T12:26:45Z" finished-at="2019-04-28T12:26:54Z">
          <reporter-output>
          </reporter-output>
        </test-method> <!-- setUp -->
        <test-method status="PASS" signature="verifyTitle()[pri:1, instance:com.mmt.qa.testscripts.HomePageTest@55f3ddb1]" name="verifyTitle" duration-ms="108" started-at="2019-04-28T12:26:54Z" description="Verify HomePage title" finished-at="2019-04-28T12:26:54Z">
          <reporter-output>
          </reporter-output>
        </test-method> <!-- verifyTitle -->
        <test-method status="PASS" signature="verifyHomePageSearch()[pri:2, instance:com.mmt.qa.testscripts.HomePageTest@55f3ddb1]" name="verifyHomePageSearch" duration-ms="11380" started-at="2019-04-28T12:26:54Z" description="Verify HomePage basic Search functionality" finished-at="2019-04-28T12:27:06Z">
          <reporter-output>
          </reporter-output>
        </test-method> <!-- verifyHomePageSearch -->
        <test-method status="PASS" signature="tearDown()[pri:0, instance:com.mmt.qa.testscripts.HomePageTest@55f3ddb1]" name="tearDown" is-config="true" duration-ms="814" started-at="2019-04-28T12:27:06Z" finished-at="2019-04-28T12:27:07Z">
          <reporter-output>
          </reporter-output>
        </test-method> <!-- tearDown -->
      </class> <!-- com.mmt.qa.testscripts.HomePageTest -->
    </test> <!-- HomePage TestCases -->
    <test name="SearchPage TestCases" duration-ms="38411" started-at="2019-04-28T12:26:45Z" finished-at="2019-04-28T12:27:23Z">
      <class name="com.mmt.qa.testscripts.SearchPageTest">
        <test-method status="PASS" signature="setUp()[pri:0, instance:com.mmt.qa.testscripts.SearchPageTest@4524411f]" name="setUp" is-config="true" duration-ms="28462" started-at="2019-04-28T12:26:45Z" finished-at="2019-04-28T12:27:13Z">
          <reporter-output>
          </reporter-output>
        </test-method> <!-- setUp -->
        <test-method status="PASS" signature="verifyTitle()[pri:1, instance:com.mmt.qa.testscripts.SearchPageTest@4524411f]" name="verifyTitle" duration-ms="14" started-at="2019-04-28T12:27:13Z" description="Verify SearchPage title" finished-at="2019-04-28T12:27:13Z">
          <reporter-output>
          </reporter-output>
        </test-method> <!-- verifyTitle -->
        <test-method status="PASS" signature="displayRoundTripFlights(java.lang.String)[pri:2, instance:com.mmt.qa.testscripts.SearchPageTest@4524411f]" name="displayRoundTripFlights" duration-ms="2984" started-at="2019-04-28T12:27:13Z" description="Display total no. of Departure and Return flights for different Stops" data-provider="getStops" finished-at="2019-04-28T12:27:16Z">
          <params>
            <param index="0">
              <value>
                <![CDATA[DEFAULT]]>
              </value>
            </param>
          </params>
          <reporter-output>
          </reporter-output>
        </test-method> <!-- displayRoundTripFlights -->
        <test-method status="PASS" signature="displayRoundTripFlights(java.lang.String)[pri:2, instance:com.mmt.qa.testscripts.SearchPageTest@4524411f]" name="displayRoundTripFlights" duration-ms="1315" started-at="2019-04-28T12:27:16Z" description="Display total no. of Departure and Return flights for different Stops" data-provider="getStops" finished-at="2019-04-28T12:27:18Z">
          <params>
            <param index="0">
              <value>
                <![CDATA[NONSTOP]]>
              </value>
            </param>
          </params>
          <reporter-output>
          </reporter-output>
        </test-method> <!-- displayRoundTripFlights -->
        <test-method status="PASS" signature="displayRoundTripFlights(java.lang.String)[pri:2, instance:com.mmt.qa.testscripts.SearchPageTest@4524411f]" name="displayRoundTripFlights" duration-ms="910" started-at="2019-04-28T12:27:18Z" description="Display total no. of Departure and Return flights for different Stops" data-provider="getStops" finished-at="2019-04-28T12:27:19Z">
          <params>
            <param index="0">
              <value>
                <![CDATA[ONESTOP]]>
              </value>
            </param>
          </params>
          <reporter-output>
          </reporter-output>
        </test-method> <!-- displayRoundTripFlights -->
        <test-method status="PASS" signature="selectRandomRoundTripFlightsAndVerifyPrice(int, int)[pri:3, instance:com.mmt.qa.testscripts.SearchPageTest@4524411f]" name="selectRandomRoundTripFlightsAndVerifyPrice" duration-ms="1079" started-at="2019-04-28T12:27:19Z" description="Select random RoundTrip flights and verify prices" data-provider="getRandomRoundTripFlightsTop10Index" finished-at="2019-04-28T12:27:20Z">
          <params>
            <param index="0">
              <value>
                <![CDATA[1]]>
              </value>
            </param>
            <param index="1">
              <value>
                <![CDATA[7]]>
              </value>
            </param>
          </params>
          <reporter-output>
          </reporter-output>
        </test-method> <!-- selectRandomRoundTripFlightsAndVerifyPrice -->
        <test-method status="PASS" signature="selectRandomRoundTripFlightsAndVerifyPrice(int, int)[pri:3, instance:com.mmt.qa.testscripts.SearchPageTest@4524411f]" name="selectRandomRoundTripFlightsAndVerifyPrice" duration-ms="686" started-at="2019-04-28T12:27:20Z" description="Select random RoundTrip flights and verify prices" data-provider="getRandomRoundTripFlightsTop10Index" finished-at="2019-04-28T12:27:21Z">
          <params>
            <param index="0">
              <value>
                <![CDATA[1]]>
              </value>
            </param>
            <param index="1">
              <value>
                <![CDATA[3]]>
              </value>
            </param>
          </params>
          <reporter-output>
          </reporter-output>
        </test-method> <!-- selectRandomRoundTripFlightsAndVerifyPrice -->
        <test-method status="PASS" signature="selectRandomRoundTripFlightsAndVerifyPrice(int, int)[pri:3, instance:com.mmt.qa.testscripts.SearchPageTest@4524411f]" name="selectRandomRoundTripFlightsAndVerifyPrice" duration-ms="1255" started-at="2019-04-28T12:27:21Z" description="Select random RoundTrip flights and verify prices" data-provider="getRandomRoundTripFlightsTop10Index" finished-at="2019-04-28T12:27:22Z">
          <params>
            <param index="0">
              <value>
                <![CDATA[1]]>
              </value>
            </param>
            <param index="1">
              <value>
                <![CDATA[2]]>
              </value>
            </param>
          </params>
          <reporter-output>
          </reporter-output>
        </test-method> <!-- selectRandomRoundTripFlightsAndVerifyPrice -->
        <test-method status="PASS" signature="selectRandomRoundTripFlightsAndVerifyPrice(int, int)[pri:3, instance:com.mmt.qa.testscripts.SearchPageTest@4524411f]" name="selectRandomRoundTripFlightsAndVerifyPrice" duration-ms="610" started-at="2019-04-28T12:27:22Z" description="Select random RoundTrip flights and verify prices" data-provider="getRandomRoundTripFlightsTop10Index" finished-at="2019-04-28T12:27:22Z">
          <params>
            <param index="0">
              <value>
                <![CDATA[1]]>
              </value>
            </param>
            <param index="1">
              <value>
                <![CDATA[6]]>
              </value>
            </param>
          </params>
          <reporter-output>
          </reporter-output>
        </test-method> <!-- selectRandomRoundTripFlightsAndVerifyPrice -->
        <test-method status="PASS" signature="tearDown()[pri:0, instance:com.mmt.qa.testscripts.SearchPageTest@4524411f]" name="tearDown" is-config="true" duration-ms="851" started-at="2019-04-28T12:27:22Z" finished-at="2019-04-28T12:27:23Z">
          <reporter-output>
          </reporter-output>
        </test-method> <!-- tearDown -->
      </class> <!-- com.mmt.qa.testscripts.SearchPageTest -->
    </test> <!-- SearchPage TestCases -->
  </suite> <!-- MMT_TestSuite -->
</testng-results>
