<?xml version="1.0" encoding="UTF-8"?>
<testng-results skipped="0" failed="0" ignored="0" total="10" passed="10">
  <reporter-output>
  </reporter-output>
  <suite name="MMT_TestSuite" duration-ms="39624" started-at="2019-04-28T12:08:58Z" finished-at="2019-04-28T12:09:38Z">
    <groups>
    </groups>
    <test name="HomePage TestCases" duration-ms="25873" started-at="2019-04-28T12:08:58Z" finished-at="2019-04-28T12:09:24Z">
      <class name="com.mmt.qa.testscripts.HomePageTest">
        <test-method status="PASS" signature="setUp()[pri:0, instance:com.mmt.qa.testscripts.HomePageTest@55f3ddb1]" name="setUp" is-config="true" duration-ms="12799" started-at="2019-04-28T12:08:58Z" finished-at="2019-04-28T12:09:11Z">
          <reporter-output>
          </reporter-output>
        </test-method> <!-- setUp -->
        <test-method status="PASS" signature="verifyTitle()[pri:1, instance:com.mmt.qa.testscripts.HomePageTest@55f3ddb1]" name="verifyTitle" duration-ms="52" started-at="2019-04-28T12:09:11Z" description="Verify HomePage title" finished-at="2019-04-28T12:09:11Z">
          <reporter-output>
          </reporter-output>
        </test-method> <!-- verifyTitle -->
        <test-method status="PASS" signature="verifyHomePageSearch()[pri:2, instance:com.mmt.qa.testscripts.HomePageTest@55f3ddb1]" name="verifyHomePageSearch" duration-ms="11828" started-at="2019-04-28T12:09:11Z" description="Verify HomePage basic Search functionality" finished-at="2019-04-28T12:09:23Z">
          <reporter-output>
          </reporter-output>
        </test-method> <!-- verifyHomePageSearch -->
        <test-method status="PASS" signature="tearDown()[pri:0, instance:com.mmt.qa.testscripts.HomePageTest@55f3ddb1]" name="tearDown" is-config="true" duration-ms="1133" started-at="2019-04-28T12:09:23Z" finished-at="2019-04-28T12:09:24Z">
          <reporter-output>
          </reporter-output>
        </test-method> <!-- tearDown -->
      </class> <!-- com.mmt.qa.testscripts.HomePageTest -->
    </test> <!-- HomePage TestCases -->
    <test name="SearchPage TestCases" duration-ms="39624" started-at="2019-04-28T12:08:58Z" finished-at="2019-04-28T12:09:38Z">
      <class name="com.mmt.qa.testscripts.SearchPageTest">
        <test-method status="PASS" signature="setUp()[pri:0, instance:com.mmt.qa.testscripts.SearchPageTest@4524411f]" name="setUp" is-config="true" duration-ms="25480" started-at="2019-04-28T12:08:58Z" finished-at="2019-04-28T12:09:24Z">
          <reporter-output>
          </reporter-output>
        </test-method> <!-- setUp -->
        <test-method status="PASS" signature="verifyTitle()[pri:1, instance:com.mmt.qa.testscripts.SearchPageTest@4524411f]" name="verifyTitle" duration-ms="20" started-at="2019-04-28T12:09:24Z" description="Verify SearchPage title" finished-at="2019-04-28T12:09:24Z">
          <reporter-output>
          </reporter-output>
        </test-method> <!-- verifyTitle -->
        <test-method status="PASS" signature="displayRoundTripFlights(java.lang.String)[pri:2, instance:com.mmt.qa.testscripts.SearchPageTest@4524411f]" name="displayRoundTripFlights" duration-ms="6993" started-at="2019-04-28T12:09:24Z" description="Display total no. of Departure and Return flights for different Stops" data-provider="getStops" finished-at="2019-04-28T12:09:31Z">
          <params>
            <param index="0">
              <value>
                <![CDATA[DEFAULT]]>
              </value>
            </param>
          </params>
          <reporter-output>
          </reporter-output>
        </test-method> <!-- displayRoundTripFlights -->
        <test-method status="PASS" signature="displayRoundTripFlights(java.lang.String)[pri:2, instance:com.mmt.qa.testscripts.SearchPageTest@4524411f]" name="displayRoundTripFlights" duration-ms="999" started-at="2019-04-28T12:09:31Z" description="Display total no. of Departure and Return flights for different Stops" data-provider="getStops" finished-at="2019-04-28T12:09:32Z">
          <params>
            <param index="0">
              <value>
                <![CDATA[NONSTOP]]>
              </value>
            </param>
          </params>
          <reporter-output>
          </reporter-output>
        </test-method> <!-- displayRoundTripFlights -->
        <test-method status="PASS" signature="displayRoundTripFlights(java.lang.String)[pri:2, instance:com.mmt.qa.testscripts.SearchPageTest@4524411f]" name="displayRoundTripFlights" duration-ms="1118" started-at="2019-04-28T12:09:32Z" description="Display total no. of Departure and Return flights for different Stops" data-provider="getStops" finished-at="2019-04-28T12:09:33Z">
          <params>
            <param index="0">
              <value>
                <![CDATA[ONESTOP]]>
              </value>
            </param>
          </params>
          <reporter-output>
          </reporter-output>
        </test-method> <!-- displayRoundTripFlights -->
        <test-method status="PASS" signature="selectRandomRoundTripFlightsAndVerifyPrice(int, int)[pri:3, instance:com.mmt.qa.testscripts.SearchPageTest@4524411f]" name="selectRandomRoundTripFlightsAndVerifyPrice" duration-ms="1110" started-at="2019-04-28T12:09:33Z" description="Select random RoundTrip flights and verify prices" data-provider="getRandomRoundTripFlightsTop10Index" finished-at="2019-04-28T12:09:34Z">
          <params>
            <param index="0">
              <value>
                <![CDATA[2]]>
              </value>
            </param>
            <param index="1">
              <value>
                <![CDATA[1]]>
              </value>
            </param>
          </params>
          <reporter-output>
          </reporter-output>
        </test-method> <!-- selectRandomRoundTripFlightsAndVerifyPrice -->
        <test-method status="PASS" signature="selectRandomRoundTripFlightsAndVerifyPrice(int, int)[pri:3, instance:com.mmt.qa.testscripts.SearchPageTest@4524411f]" name="selectRandomRoundTripFlightsAndVerifyPrice" duration-ms="846" started-at="2019-04-28T12:09:34Z" description="Select random RoundTrip flights and verify prices" data-provider="getRandomRoundTripFlightsTop10Index" finished-at="2019-04-28T12:09:35Z">
          <params>
            <param index="0">
              <value>
                <![CDATA[1]]>
              </value>
            </param>
            <param index="1">
              <value>
                <![CDATA[4]]>
              </value>
            </param>
          </params>
          <reporter-output>
          </reporter-output>
        </test-method> <!-- selectRandomRoundTripFlightsAndVerifyPrice -->
        <test-method status="PASS" signature="selectRandomRoundTripFlightsAndVerifyPrice(int, int)[pri:3, instance:com.mmt.qa.testscripts.SearchPageTest@4524411f]" name="selectRandomRoundTripFlightsAndVerifyPrice" duration-ms="1239" started-at="2019-04-28T12:09:35Z" description="Select random RoundTrip flights and verify prices" data-provider="getRandomRoundTripFlightsTop10Index" finished-at="2019-04-28T12:09:36Z">
          <params>
            <param index="0">
              <value>
                <![CDATA[2]]>
              </value>
            </param>
            <param index="1">
              <value>
                <![CDATA[4]]>
              </value>
            </param>
          </params>
          <reporter-output>
          </reporter-output>
        </test-method> <!-- selectRandomRoundTripFlightsAndVerifyPrice -->
        <test-method status="PASS" signature="selectRandomRoundTripFlightsAndVerifyPrice(int, int)[pri:3, instance:com.mmt.qa.testscripts.SearchPageTest@4524411f]" name="selectRandomRoundTripFlightsAndVerifyPrice" duration-ms="629" started-at="2019-04-28T12:09:36Z" description="Select random RoundTrip flights and verify prices" data-provider="getRandomRoundTripFlightsTop10Index" finished-at="2019-04-28T12:09:37Z">
          <params>
            <param index="0">
              <value>
                <![CDATA[2]]>
              </value>
            </param>
            <param index="1">
              <value>
                <![CDATA[7]]>
              </value>
            </param>
          </params>
          <reporter-output>
          </reporter-output>
        </test-method> <!-- selectRandomRoundTripFlightsAndVerifyPrice -->
        <test-method status="PASS" signature="tearDown()[pri:0, instance:com.mmt.qa.testscripts.SearchPageTest@4524411f]" name="tearDown" is-config="true" duration-ms="906" started-at="2019-04-28T12:09:37Z" finished-at="2019-04-28T12:09:38Z">
          <reporter-output>
          </reporter-output>
        </test-method> <!-- tearDown -->
      </class> <!-- com.mmt.qa.testscripts.SearchPageTest -->
    </test> <!-- SearchPage TestCases -->
  </suite> <!-- MMT_TestSuite -->
</testng-results>
