<?xml version="1.0" encoding="UTF-8"?>
<testng-results skipped="0" failed="0" ignored="0" total="8" passed="8">
  <reporter-output>
  </reporter-output>
  <suite name="Default suite" duration-ms="43876" started-at="2019-05-14T14:03:45Z" finished-at="2019-05-14T14:04:29Z">
    <groups>
    </groups>
    <test name="Default test" duration-ms="43876" started-at="2019-05-14T14:03:45Z" finished-at="2019-05-14T14:04:29Z">
      <class name="com.mmt.qa.testscripts.SearchPageTest">
        <test-method status="PASS" signature="setUp()[pri:0, instance:com.mmt.qa.testscripts.SearchPageTest@6c3708b3]" name="setUp" is-config="true" duration-ms="25705" started-at="2019-05-14T14:03:45Z" finished-at="2019-05-14T14:04:11Z">
          <reporter-output>
          </reporter-output>
        </test-method> <!-- setUp -->
        <test-method status="PASS" signature="verifyTitle()[pri:1, instance:com.mmt.qa.testscripts.SearchPageTest@6c3708b3]" name="verifyTitle" duration-ms="66" started-at="2019-05-14T14:04:11Z" description="Verify SearchPage title" finished-at="2019-05-14T14:04:11Z">
          <reporter-output>
          </reporter-output>
        </test-method> <!-- verifyTitle -->
        <test-method status="PASS" signature="displayRoundTripFlights(java.lang.String)[pri:2, instance:com.mmt.qa.testscripts.SearchPageTest@6c3708b3]" name="displayRoundTripFlights" duration-ms="6491" started-at="2019-05-14T14:04:11Z" description="Display total no. of Departure and Return flights for different Stops" data-provider="getStops" finished-at="2019-05-14T14:04:18Z">
          <params>
            <param index="0">
              <value>
                <![CDATA[DEFAULT]]>
              </value>
            </param>
          </params>
          <reporter-output>
          </reporter-output>
        </test-method> <!-- displayRoundTripFlights -->
        <test-method status="PASS" signature="displayRoundTripFlights(java.lang.String)[pri:2, instance:com.mmt.qa.testscripts.SearchPageTest@6c3708b3]" name="displayRoundTripFlights" duration-ms="1444" started-at="2019-05-14T14:04:18Z" description="Display total no. of Departure and Return flights for different Stops" data-provider="getStops" finished-at="2019-05-14T14:04:19Z">
          <params>
            <param index="0">
              <value>
                <![CDATA[NONSTOP]]>
              </value>
            </param>
          </params>
          <reporter-output>
          </reporter-output>
        </test-method> <!-- displayRoundTripFlights -->
        <test-method status="PASS" signature="displayRoundTripFlights(java.lang.String)[pri:2, instance:com.mmt.qa.testscripts.SearchPageTest@6c3708b3]" name="displayRoundTripFlights" duration-ms="2675" started-at="2019-05-14T14:04:19Z" description="Display total no. of Departure and Return flights for different Stops" data-provider="getStops" finished-at="2019-05-14T14:04:22Z">
          <params>
            <param index="0">
              <value>
                <![CDATA[ONESTOP]]>
              </value>
            </param>
          </params>
          <reporter-output>
          </reporter-output>
        </test-method> <!-- displayRoundTripFlights -->
        <test-method status="PASS" signature="selectRandomRoundTripFlightsByIndexAndVerifyPrice(int, int)[pri:3, instance:com.mmt.qa.testscripts.SearchPageTest@6c3708b3]" name="selectRandomRoundTripFlightsByIndexAndVerifyPrice" duration-ms="2230" started-at="2019-05-14T14:04:22Z" description="Select random RoundTrip flights by index and verify prices" data-provider="getRandomRoundTripFlightsTop10Index" finished-at="2019-05-14T14:04:24Z">
          <params>
            <param index="0">
              <value>
                <![CDATA[1]]>
              </value>
            </param>
            <param index="1">
              <value>
                <![CDATA[4]]>
              </value>
            </param>
          </params>
          <reporter-output>
          </reporter-output>
        </test-method> <!-- selectRandomRoundTripFlightsByIndexAndVerifyPrice -->
        <test-method status="PASS" signature="selectRandomRoundTripFlightsByIndexAndVerifyPrice(int, int)[pri:3, instance:com.mmt.qa.testscripts.SearchPageTest@6c3708b3]" name="selectRandomRoundTripFlightsByIndexAndVerifyPrice" duration-ms="1380" started-at="2019-05-14T14:04:24Z" description="Select random RoundTrip flights by index and verify prices" data-provider="getRandomRoundTripFlightsTop10Index" finished-at="2019-05-14T14:04:26Z">
          <params>
            <param index="0">
              <value>
                <![CDATA[1]]>
              </value>
            </param>
            <param index="1">
              <value>
                <![CDATA[8]]>
              </value>
            </param>
          </params>
          <reporter-output>
          </reporter-output>
        </test-method> <!-- selectRandomRoundTripFlightsByIndexAndVerifyPrice -->
        <test-method status="PASS" signature="selectRandomRoundTripFlightsByIndexAndVerifyPrice(int, int)[pri:3, instance:com.mmt.qa.testscripts.SearchPageTest@6c3708b3]" name="selectRandomRoundTripFlightsByIndexAndVerifyPrice" duration-ms="1081" started-at="2019-05-14T14:04:26Z" description="Select random RoundTrip flights by index and verify prices" data-provider="getRandomRoundTripFlightsTop10Index" finished-at="2019-05-14T14:04:27Z">
          <params>
            <param index="0">
              <value>
                <![CDATA[1]]>
              </value>
            </param>
            <param index="1">
              <value>
                <![CDATA[1]]>
              </value>
            </param>
          </params>
          <reporter-output>
          </reporter-output>
        </test-method> <!-- selectRandomRoundTripFlightsByIndexAndVerifyPrice -->
        <test-method status="PASS" signature="selectRandomRoundTripFlightsByIndexAndVerifyPrice(int, int)[pri:3, instance:com.mmt.qa.testscripts.SearchPageTest@6c3708b3]" name="selectRandomRoundTripFlightsByIndexAndVerifyPrice" duration-ms="1376" started-at="2019-05-14T14:04:27Z" description="Select random RoundTrip flights by index and verify prices" data-provider="getRandomRoundTripFlightsTop10Index" finished-at="2019-05-14T14:04:28Z">
          <params>
            <param index="0">
              <value>
                <![CDATA[1]]>
              </value>
            </param>
            <param index="1">
              <value>
                <![CDATA[3]]>
              </value>
            </param>
          </params>
          <reporter-output>
          </reporter-output>
        </test-method> <!-- selectRandomRoundTripFlightsByIndexAndVerifyPrice -->
        <test-method status="PASS" signature="tearDown()[pri:0, instance:com.mmt.qa.testscripts.SearchPageTest@6c3708b3]" name="tearDown" is-config="true" duration-ms="1018" started-at="2019-05-14T14:04:28Z" finished-at="2019-05-14T14:04:29Z">
          <reporter-output>
          </reporter-output>
        </test-method> <!-- tearDown -->
      </class> <!-- com.mmt.qa.testscripts.SearchPageTest -->
    </test> <!-- Default test -->
  </suite> <!-- Default suite -->
</testng-results>
