<?xml version="1.0" encoding="UTF-8"?>
<!-- Generated by org.testng.reporters.JUnitXMLReporter -->
<testsuite hostname="IN2361417W1" ignored="0" name="HomePage TestCases" tests="0" failures="0" timestamp="14 May 2019 13:58:47 GMT" time="5.24" errors="0">
  <testcase name="@BeforeTest setUp" time="5.128" classname="com.mmt.qa.testscripts.HomePageTest">
    <failure type="java.lang.NullPointerException">
      <![CDATA[java.lang.NullPointerException
at org.openqa.selenium.support.events.EventFiringWebDriver.extractInterfaces(EventFiringWebDriver.java:120)
at org.openqa.selenium.support.events.EventFiringWebDriver.<init>(EventFiringWebDriver.java:94)
at com.mmt.qa.basesetup.DriverBase.launchBrowser(DriverBase.java:45)
at com.mmt.qa.testscripts.HomePageTest.setUp(HomePageTest.java:23)
... Removed 28 stack frames]]>
    </failure>
  </testcase> <!-- @BeforeTest setUp -->
  <testcase name="@AfterTest tearDown" time="0.0" classname="com.mmt.qa.testscripts.HomePageTest">
    <skipped/>
  </testcase> <!-- @AfterTest tearDown -->
</testsuite> <!-- HomePage TestCases -->
